<?xml version="1.0" encoding="UTF-8"?>
<testng-results ignored="0" total="1" passed="1" failed="0" skipped="0">
  <reporter-output>
  </reporter-output>
  <suite started-at="2023-07-13T00:35:08 EDT" name="Default suite" finished-at="2023-07-13T00:35:16 EDT" duration-ms="8303">
    <groups>
    </groups>
    <test started-at="2023-07-13T00:35:08 EDT" name="Default test" finished-at="2023-07-13T00:35:16 EDT" duration-ms="8303">
      <class name="test.Registeraccounttest">
        <test-method is-config="true" signature="setup()[pri:0, instance:test.Registeraccounttest@53ce1329]" started-at="2023-07-13T00:35:08 EDT" name="setup" finished-at="2023-07-13T00:35:11 EDT" duration-ms="3436" status="PASS">
          <reporter-output>
          </reporter-output>
        </test-method> <!-- setup -->
        <test-method signature="test()[pri:0, instance:test.Registeraccounttest@53ce1329]" started-at="2023-07-13T00:35:11 EDT" name="test" finished-at="2023-07-13T00:35:16 EDT" duration-ms="4831" status="PASS">
          <reporter-output>
          </reporter-output>
        </test-method> <!-- test -->
      </class> <!-- test.Registeraccounttest -->
    </test> <!-- Default test -->
  </suite> <!-- Default suite -->
</testng-results>
